03/10/2017 13:06:40 main.java.com.cdp.Scripts.MainThread HeadLessBrowser browser Started
03/10/2017 13:06:40 main.java.com.cdp.Scripts.MainThread Calling MainScript
03/10/2017 13:06:40 main.java.com.cdp.Scripts.MainThread HeadLessBrowser::Browser Executing MainScript
03/10/2017 13:06:40 main.java.com.cdp.Scripts.MainThread HeadLessBrowser::GETTING DATE AND START TIME
03/10/2017 13:06:40 main.java.com.cdp.Scripts.MainThread HeadLessBrowser::INITIALIZING TEST RESULTS FOLDER WITH SYS DATE
03/10/2017 13:06:40 main.java.com.cdp.Scripts.MainThread HeadLessBrowser::FolderName2017-10-03
03/10/2017 13:06:40 main.java.com.cdp.Scripts.MainThread HeadLessBrowser::INITIALIZING SUBFOLDER NAME WITH SYS DATE, TIME IN HH:MM
03/10/2017 13:06:40 main.java.com.cdp.Scripts.MainThread HeadLessBrowser::SubFolderNameHeadLessBrowser-Results-13-06-40
03/10/2017 13:06:40 main.java.com.cdp.Scripts.MainThread HeadLessBrowser::Creatring Directory With Current Date
03/10/2017 13:06:40 main.java.com.cdp.Scripts.MainThread HeadLessBrowser::Created Directory With Current Date
03/10/2017 13:06:40 main.java.com.cdp.Scripts.MainThread HeadLessBrowser::Creating SubDirectory With Current TimeStamp & Browser Name
03/10/2017 13:06:40 main.java.com.cdp.Scripts.MainThread HeadLessBrowser::COPYING CDP_Automation_Test_Report HTML FILE FROM INPUT FOLDER TO OUTPUT FOLDER
03/10/2017 13:06:40 main.java.com.cdp.Scripts.MainThread HeadLessBrowser::COPY COMPLETED FOR CDP_Automation_Test_Report HTML FILE FROM INPUT FOLDER TO OUTPUT FOLDER
03/10/2017 13:06:40 main.java.com.cdp.Scripts.MainThread HeadLessBrowser::Created SubDirectory With Current TimeStamp & Browser Name
03/10/2017 13:06:40 main.java.com.cdp.Scripts.MainThread HeadLessBrowser::COPYING Suite_Web XLS FILE FROM INPUT FOLDER TO OUTPUT FOLDER
03/10/2017 13:06:40 main.java.com.cdp.Scripts.MainThread HeadLessBrowser::COPY COMPLETED FOR Suite_Web XLS FILE FROM INPUT FOLDER TO OUTPUT FOLDER
03/10/2017 13:06:40 main.java.com.cdp.Scripts.MainThread HeadLessBrowser::COPYING Results XLS FILE FROM INPUT FOLDER TO OUTPUT FOLDER
03/10/2017 13:06:40 main.java.com.cdp.Scripts.MainThread HeadLessBrowser::COPY COMPLETED FOR Results XLS FILE FROM INPUT FOLDER TO OUTPUT FOLDER
03/10/2017 13:06:40 main.java.com.cdp.Scripts.MainThread HeadLessBrowser::READING SUITE_WEB XLS FILE FROM OUTPUT DIRECTORY
03/10/2017 13:06:41 main.java.com.cdp.Scripts.MainThread CDPLogin -- N
03/10/2017 13:06:41 main.java.com.cdp.Scripts.MainThread API -- Y
03/10/2017 13:06:41 main.java.com.cdp.Scripts.MainThread HeadLessBrowser::COPYING API XLS FILE FROM INPUT FOLDER TO OUTPUT FOLDER
03/10/2017 13:06:41 main.java.com.cdp.Scripts.MainThread HeadLessBrowser::COPY COMPLETED FOR API XLS FILE FROM INPUT FOLDER TO OUTPUT FOLDER
03/10/2017 13:06:41 main.java.com.cdp.Scripts.MainThread API -- Y
03/10/2017 13:06:41 main.java.com.cdp.Scripts.MainThread HeadLessBrowser**********Executing Test Cases**********API
03/10/2017 13:06:41 main.java.com.cdp.Scripts.MainThread Creating Result Column In Current Test Steps and Test Cases Sheet
03/10/2017 13:06:41 main.java.com.cdp.Scripts.MainThread **********ITERATION NUMBER**********1
03/10/2017 13:06:42 main.java.com.cdp.Scripts.MainThread ******Looping API ::Steps
03/10/2017 13:06:42 main.java.com.cdp.Scripts.MainThread TSID::TS01
03/10/2017 13:06:42 main.java.com.cdp.Scripts.MainThread executing current keyword::GETAPI
03/10/2017 13:06:42 main.java.com.cdp.Scripts.MainThread executing keyword target::
03/10/2017 13:06:42 main.java.com.cdp.Scripts.MainThread data::GetAPIScema
03/10/2017 13:06:42 main.java.com.cdp.Scripts.MainThread TCID::API
03/10/2017 13:06:42 main.java.com.cdp.Scripts.MainThread Proceed_ON_FAIL::YES
03/10/2017 13:06:48 main.java.com.cdp.Scripts.MainThread resultset[FAIL]
03/10/2017 13:06:48 main.java.com.cdp.Scripts.MainThread ******Looping API ::Steps
03/10/2017 13:06:48 main.java.com.cdp.Scripts.MainThread ******Looping API ::Steps
03/10/2017 13:06:48 main.java.com.cdp.Scripts.MainThread ******Looping API ::Steps
03/10/2017 13:06:48 main.java.com.cdp.Scripts.MainThread ******Looping API ::Steps
03/10/2017 13:06:48 main.java.com.cdp.Scripts.MainThread ******Looping API ::Steps
03/10/2017 13:06:48 main.java.com.cdp.Scripts.MainThread ******Looping API ::Steps
03/10/2017 13:06:48 main.java.com.cdp.Scripts.MainThread ******Looping API ::Steps
03/10/2017 13:06:48 main.java.com.cdp.Scripts.MainThread ******Looping API ::Steps
03/10/2017 13:06:48 main.java.com.cdp.Scripts.MainThread ******Looping API ::Steps
03/10/2017 13:06:48 main.java.com.cdp.Scripts.MainThread ******Looping API ::Steps
03/10/2017 13:06:48 main.java.com.cdp.Scripts.MainThread ******Looping API ::Steps
03/10/2017 13:06:48 main.java.com.cdp.Scripts.MainThread ******Looping API ::Steps
03/10/2017 13:06:48 main.java.com.cdp.Scripts.MainThread ******Looping API ::Steps
03/10/2017 13:06:48 main.java.com.cdp.Scripts.MainThread ******Looping API ::Steps
03/10/2017 13:06:48 main.java.com.cdp.Scripts.MainThread ******Looping API ::Steps
03/10/2017 13:06:48 main.java.com.cdp.Scripts.MainThread Calling printresults Function To Print PASS/FAIL Status In Results Sheet
03/10/2017 13:06:49 main.java.com.cdp.Scripts.MainThread DELETEAPI -- Y
03/10/2017 13:06:49 main.java.com.cdp.Scripts.MainThread HeadLessBrowser**********Executing Test Cases**********DELETEAPI
03/10/2017 13:06:49 main.java.com.cdp.Scripts.MainThread Creating Result Column In Current Test Steps and Test Cases Sheet
03/10/2017 13:06:49 main.java.com.cdp.Scripts.MainThread **********ITERATION NUMBER**********1
03/10/2017 13:06:49 main.java.com.cdp.Scripts.MainThread ******Looping DELETEAPI ::Steps
03/10/2017 13:06:49 main.java.com.cdp.Scripts.MainThread ******Looping DELETEAPI ::Steps
03/10/2017 13:06:49 main.java.com.cdp.Scripts.MainThread TSID::TS02
03/10/2017 13:06:49 main.java.com.cdp.Scripts.MainThread executing current keyword::DELETEAPI
03/10/2017 13:06:49 main.java.com.cdp.Scripts.MainThread executing keyword target::
03/10/2017 13:06:49 main.java.com.cdp.Scripts.MainThread data::
03/10/2017 13:06:49 main.java.com.cdp.Scripts.MainThread TCID::DELETEAPI
03/10/2017 13:06:49 main.java.com.cdp.Scripts.MainThread Proceed_ON_FAIL::YES
03/10/2017 13:06:50 main.java.com.cdp.Scripts.MainThread resultset[FAIL]
03/10/2017 13:06:50 main.java.com.cdp.Scripts.MainThread HeadLessBrowser exiting...
